ARM GAS  C:\Users\86390\AppData\Local\Temp\cce49CSe.s 			page 1


   1              		.cpu cortex-m3
   2              		.arch armv7-m
   3              		.fpu softvfp
   4              		.eabi_attribute 20, 1
   5              		.eabi_attribute 21, 1
   6              		.eabi_attribute 23, 3
   7              		.eabi_attribute 24, 1
   8              		.eabi_attribute 25, 1
   9              		.eabi_attribute 26, 1
  10              		.eabi_attribute 30, 1
  11              		.eabi_attribute 34, 1
  12              		.eabi_attribute 18, 4
  13              		.file	"adc.c"
  14              		.text
  15              	.Ltext0:
  16              		.cfi_sections	.debug_frame
  17              		.section	.text.MX_ADC1_Init,"ax",%progbits
  18              		.align	1
  19              		.global	MX_ADC1_Init
  20              		.syntax unified
  21              		.thumb
  22              		.thumb_func
  24              	MX_ADC1_Init:
  25              	.LFB65:
  26              		.file 1 "Core/Src/adc.c"
   1:Core/Src/adc.c **** /* USER CODE BEGIN Header */
   2:Core/Src/adc.c **** /**
   3:Core/Src/adc.c ****   ******************************************************************************
   4:Core/Src/adc.c ****   * @file    adc.c
   5:Core/Src/adc.c ****   * @brief   This file provides code for the configuration
   6:Core/Src/adc.c ****   *          of the ADC instances.
   7:Core/Src/adc.c ****   ******************************************************************************
   8:Core/Src/adc.c ****   * @attention
   9:Core/Src/adc.c ****   *
  10:Core/Src/adc.c ****   * Copyright (c) 2024 STMicroelectronics.
  11:Core/Src/adc.c ****   * All rights reserved.
  12:Core/Src/adc.c ****   *
  13:Core/Src/adc.c ****   * This software is licensed under terms that can be found in the LICENSE file
  14:Core/Src/adc.c ****   * in the root directory of this software component.
  15:Core/Src/adc.c ****   * If no LICENSE file comes with this software, it is provided AS-IS.
  16:Core/Src/adc.c ****   *
  17:Core/Src/adc.c ****   ******************************************************************************
  18:Core/Src/adc.c ****   */
  19:Core/Src/adc.c **** /* USER CODE END Header */
  20:Core/Src/adc.c **** /* Includes ------------------------------------------------------------------*/
  21:Core/Src/adc.c **** #include "adc.h"
  22:Core/Src/adc.c **** 
  23:Core/Src/adc.c **** /* USER CODE BEGIN 0 */
  24:Core/Src/adc.c **** 
  25:Core/Src/adc.c **** /* USER CODE END 0 */
  26:Core/Src/adc.c **** 
  27:Core/Src/adc.c **** ADC_HandleTypeDef hadc1;
  28:Core/Src/adc.c **** DMA_HandleTypeDef hdma_adc1;
  29:Core/Src/adc.c **** 
  30:Core/Src/adc.c **** /* ADC1 init function */
  31:Core/Src/adc.c **** void MX_ADC1_Init(void)
  32:Core/Src/adc.c **** {
ARM GAS  C:\Users\86390\AppData\Local\Temp\cce49CSe.s 			page 2


  27              		.loc 1 32 1 view -0
  28              		.cfi_startproc
  29              		@ args = 0, pretend = 0, frame = 16
  30              		@ frame_needed = 0, uses_anonymous_args = 0
  31 0000 00B5     		push	{lr}
  32              	.LCFI0:
  33              		.cfi_def_cfa_offset 4
  34              		.cfi_offset 14, -4
  35 0002 85B0     		sub	sp, sp, #20
  36              	.LCFI1:
  37              		.cfi_def_cfa_offset 24
  33:Core/Src/adc.c **** 
  34:Core/Src/adc.c ****   /* USER CODE BEGIN ADC1_Init 0 */
  35:Core/Src/adc.c **** 
  36:Core/Src/adc.c ****   /* USER CODE END ADC1_Init 0 */
  37:Core/Src/adc.c **** 
  38:Core/Src/adc.c ****   ADC_ChannelConfTypeDef sConfig = {0};
  38              		.loc 1 38 3 view .LVU1
  39              		.loc 1 38 26 is_stmt 0 view .LVU2
  40 0004 0023     		movs	r3, #0
  41 0006 0193     		str	r3, [sp, #4]
  42 0008 0293     		str	r3, [sp, #8]
  43 000a 0393     		str	r3, [sp, #12]
  39:Core/Src/adc.c **** 
  40:Core/Src/adc.c ****   /* USER CODE BEGIN ADC1_Init 1 */
  41:Core/Src/adc.c **** 
  42:Core/Src/adc.c ****   /* USER CODE END ADC1_Init 1 */
  43:Core/Src/adc.c **** 
  44:Core/Src/adc.c ****   /** Common config
  45:Core/Src/adc.c ****   */
  46:Core/Src/adc.c ****   hadc1.Instance = ADC1;
  44              		.loc 1 46 3 is_stmt 1 view .LVU3
  45              		.loc 1 46 18 is_stmt 0 view .LVU4
  46 000c 1748     		ldr	r0, .L9
  47 000e 184A     		ldr	r2, .L9+4
  48 0010 0260     		str	r2, [r0]
  47:Core/Src/adc.c ****   hadc1.Init.ScanConvMode = ADC_SCAN_ENABLE;
  49              		.loc 1 47 3 is_stmt 1 view .LVU5
  50              		.loc 1 47 27 is_stmt 0 view .LVU6
  51 0012 4FF48072 		mov	r2, #256
  52 0016 8260     		str	r2, [r0, #8]
  48:Core/Src/adc.c ****   hadc1.Init.ContinuousConvMode = DISABLE;
  53              		.loc 1 48 3 is_stmt 1 view .LVU7
  54              		.loc 1 48 33 is_stmt 0 view .LVU8
  55 0018 0373     		strb	r3, [r0, #12]
  49:Core/Src/adc.c ****   hadc1.Init.DiscontinuousConvMode = DISABLE;
  56              		.loc 1 49 3 is_stmt 1 view .LVU9
  57              		.loc 1 49 36 is_stmt 0 view .LVU10
  58 001a 0375     		strb	r3, [r0, #20]
  50:Core/Src/adc.c ****   hadc1.Init.ExternalTrigConv = ADC_SOFTWARE_START;
  59              		.loc 1 50 3 is_stmt 1 view .LVU11
  60              		.loc 1 50 31 is_stmt 0 view .LVU12
  61 001c 4FF46022 		mov	r2, #917504
  62 0020 C261     		str	r2, [r0, #28]
  51:Core/Src/adc.c ****   hadc1.Init.DataAlign = ADC_DATAALIGN_RIGHT;
  63              		.loc 1 51 3 is_stmt 1 view .LVU13
  64              		.loc 1 51 24 is_stmt 0 view .LVU14
ARM GAS  C:\Users\86390\AppData\Local\Temp\cce49CSe.s 			page 3


  65 0022 4360     		str	r3, [r0, #4]
  52:Core/Src/adc.c ****   hadc1.Init.NbrOfConversion = 2;
  66              		.loc 1 52 3 is_stmt 1 view .LVU15
  67              		.loc 1 52 30 is_stmt 0 view .LVU16
  68 0024 0223     		movs	r3, #2
  69 0026 0361     		str	r3, [r0, #16]
  53:Core/Src/adc.c ****   if (HAL_ADC_Init(&hadc1) != HAL_OK)
  70              		.loc 1 53 3 is_stmt 1 view .LVU17
  71              		.loc 1 53 7 is_stmt 0 view .LVU18
  72 0028 FFF7FEFF 		bl	HAL_ADC_Init
  73              	.LVL0:
  74              		.loc 1 53 6 view .LVU19
  75 002c A8B9     		cbnz	r0, .L6
  76              	.L2:
  54:Core/Src/adc.c ****   {
  55:Core/Src/adc.c ****     Error_Handler();
  56:Core/Src/adc.c ****   }
  57:Core/Src/adc.c **** 
  58:Core/Src/adc.c ****   /** Configure Regular Channel
  59:Core/Src/adc.c ****   */
  60:Core/Src/adc.c ****   sConfig.Channel = ADC_CHANNEL_8;
  77              		.loc 1 60 3 is_stmt 1 view .LVU20
  78              		.loc 1 60 19 is_stmt 0 view .LVU21
  79 002e 0823     		movs	r3, #8
  80 0030 0193     		str	r3, [sp, #4]
  61:Core/Src/adc.c ****   sConfig.Rank = ADC_REGULAR_RANK_1;
  81              		.loc 1 61 3 is_stmt 1 view .LVU22
  82              		.loc 1 61 16 is_stmt 0 view .LVU23
  83 0032 0123     		movs	r3, #1
  84 0034 0293     		str	r3, [sp, #8]
  62:Core/Src/adc.c ****   sConfig.SamplingTime = ADC_SAMPLETIME_7CYCLES_5;
  85              		.loc 1 62 3 is_stmt 1 view .LVU24
  86              		.loc 1 62 24 is_stmt 0 view .LVU25
  87 0036 0393     		str	r3, [sp, #12]
  63:Core/Src/adc.c ****   if (HAL_ADC_ConfigChannel(&hadc1, &sConfig) != HAL_OK)
  88              		.loc 1 63 3 is_stmt 1 view .LVU26
  89              		.loc 1 63 7 is_stmt 0 view .LVU27
  90 0038 01A9     		add	r1, sp, #4
  91 003a 0C48     		ldr	r0, .L9
  92 003c FFF7FEFF 		bl	HAL_ADC_ConfigChannel
  93              	.LVL1:
  94              		.loc 1 63 6 view .LVU28
  95 0040 70B9     		cbnz	r0, .L7
  96              	.L3:
  64:Core/Src/adc.c ****   {
  65:Core/Src/adc.c ****     Error_Handler();
  66:Core/Src/adc.c ****   }
  67:Core/Src/adc.c **** 
  68:Core/Src/adc.c ****   /** Configure Regular Channel
  69:Core/Src/adc.c ****   */
  70:Core/Src/adc.c ****   sConfig.Channel = ADC_CHANNEL_9;
  97              		.loc 1 70 3 is_stmt 1 view .LVU29
  98              		.loc 1 70 19 is_stmt 0 view .LVU30
  99 0042 0923     		movs	r3, #9
 100 0044 0193     		str	r3, [sp, #4]
  71:Core/Src/adc.c ****   sConfig.Rank = ADC_REGULAR_RANK_2;
 101              		.loc 1 71 3 is_stmt 1 view .LVU31
ARM GAS  C:\Users\86390\AppData\Local\Temp\cce49CSe.s 			page 4


 102              		.loc 1 71 16 is_stmt 0 view .LVU32
 103 0046 0223     		movs	r3, #2
 104 0048 0293     		str	r3, [sp, #8]
  72:Core/Src/adc.c ****   if (HAL_ADC_ConfigChannel(&hadc1, &sConfig) != HAL_OK)
 105              		.loc 1 72 3 is_stmt 1 view .LVU33
 106              		.loc 1 72 7 is_stmt 0 view .LVU34
 107 004a 01A9     		add	r1, sp, #4
 108 004c 0748     		ldr	r0, .L9
 109 004e FFF7FEFF 		bl	HAL_ADC_ConfigChannel
 110              	.LVL2:
 111              		.loc 1 72 6 view .LVU35
 112 0052 40B9     		cbnz	r0, .L8
 113              	.L1:
  73:Core/Src/adc.c ****   {
  74:Core/Src/adc.c ****     Error_Handler();
  75:Core/Src/adc.c ****   }
  76:Core/Src/adc.c ****   /* USER CODE BEGIN ADC1_Init 2 */
  77:Core/Src/adc.c **** 
  78:Core/Src/adc.c ****   /* USER CODE END ADC1_Init 2 */
  79:Core/Src/adc.c **** 
  80:Core/Src/adc.c **** }
 114              		.loc 1 80 1 view .LVU36
 115 0054 05B0     		add	sp, sp, #20
 116              	.LCFI2:
 117              		.cfi_remember_state
 118              		.cfi_def_cfa_offset 4
 119              		@ sp needed
 120 0056 5DF804FB 		ldr	pc, [sp], #4
 121              	.L6:
 122              	.LCFI3:
 123              		.cfi_restore_state
  55:Core/Src/adc.c ****   }
 124              		.loc 1 55 5 is_stmt 1 view .LVU37
 125 005a FFF7FEFF 		bl	Error_Handler
 126              	.LVL3:
 127 005e E6E7     		b	.L2
 128              	.L7:
  65:Core/Src/adc.c ****   }
 129              		.loc 1 65 5 view .LVU38
 130 0060 FFF7FEFF 		bl	Error_Handler
 131              	.LVL4:
 132 0064 EDE7     		b	.L3
 133              	.L8:
  74:Core/Src/adc.c ****   }
 134              		.loc 1 74 5 view .LVU39
 135 0066 FFF7FEFF 		bl	Error_Handler
 136              	.LVL5:
 137              		.loc 1 80 1 is_stmt 0 view .LVU40
 138 006a F3E7     		b	.L1
 139              	.L10:
 140              		.align	2
 141              	.L9:
 142 006c 00000000 		.word	.LANCHOR0
 143 0070 00240140 		.word	1073816576
 144              		.cfi_endproc
 145              	.LFE65:
 147              		.section	.text.HAL_ADC_MspInit,"ax",%progbits
ARM GAS  C:\Users\86390\AppData\Local\Temp\cce49CSe.s 			page 5


 148              		.align	1
 149              		.global	HAL_ADC_MspInit
 150              		.syntax unified
 151              		.thumb
 152              		.thumb_func
 154              	HAL_ADC_MspInit:
 155              	.LVL6:
 156              	.LFB66:
  81:Core/Src/adc.c **** 
  82:Core/Src/adc.c **** void HAL_ADC_MspInit(ADC_HandleTypeDef* adcHandle)
  83:Core/Src/adc.c **** {
 157              		.loc 1 83 1 is_stmt 1 view -0
 158              		.cfi_startproc
 159              		@ args = 0, pretend = 0, frame = 24
 160              		@ frame_needed = 0, uses_anonymous_args = 0
 161              		.loc 1 83 1 is_stmt 0 view .LVU42
 162 0000 10B5     		push	{r4, lr}
 163              	.LCFI4:
 164              		.cfi_def_cfa_offset 8
 165              		.cfi_offset 4, -8
 166              		.cfi_offset 14, -4
 167 0002 86B0     		sub	sp, sp, #24
 168              	.LCFI5:
 169              		.cfi_def_cfa_offset 32
  84:Core/Src/adc.c **** 
  85:Core/Src/adc.c ****   GPIO_InitTypeDef GPIO_InitStruct = {0};
 170              		.loc 1 85 3 is_stmt 1 view .LVU43
 171              		.loc 1 85 20 is_stmt 0 view .LVU44
 172 0004 0023     		movs	r3, #0
 173 0006 0293     		str	r3, [sp, #8]
 174 0008 0393     		str	r3, [sp, #12]
 175 000a 0493     		str	r3, [sp, #16]
 176 000c 0593     		str	r3, [sp, #20]
  86:Core/Src/adc.c ****   if(adcHandle->Instance==ADC1)
 177              		.loc 1 86 3 is_stmt 1 view .LVU45
 178              		.loc 1 86 15 is_stmt 0 view .LVU46
 179 000e 0268     		ldr	r2, [r0]
 180              		.loc 1 86 5 view .LVU47
 181 0010 1D4B     		ldr	r3, .L17
 182 0012 9A42     		cmp	r2, r3
 183 0014 01D0     		beq	.L15
 184              	.LVL7:
 185              	.L11:
  87:Core/Src/adc.c ****   {
  88:Core/Src/adc.c ****   /* USER CODE BEGIN ADC1_MspInit 0 */
  89:Core/Src/adc.c **** 
  90:Core/Src/adc.c ****   /* USER CODE END ADC1_MspInit 0 */
  91:Core/Src/adc.c ****     /* ADC1 clock enable */
  92:Core/Src/adc.c ****     __HAL_RCC_ADC1_CLK_ENABLE();
  93:Core/Src/adc.c **** 
  94:Core/Src/adc.c ****     __HAL_RCC_GPIOB_CLK_ENABLE();
  95:Core/Src/adc.c ****     /**ADC1 GPIO Configuration
  96:Core/Src/adc.c ****     PB0     ------> ADC1_IN8
  97:Core/Src/adc.c ****     PB1     ------> ADC1_IN9
  98:Core/Src/adc.c ****     */
  99:Core/Src/adc.c ****     GPIO_InitStruct.Pin = GPIO_PIN_0|GPIO_PIN_1;
 100:Core/Src/adc.c ****     GPIO_InitStruct.Mode = GPIO_MODE_ANALOG;
ARM GAS  C:\Users\86390\AppData\Local\Temp\cce49CSe.s 			page 6


 101:Core/Src/adc.c ****     HAL_GPIO_Init(GPIOB, &GPIO_InitStruct);
 102:Core/Src/adc.c **** 
 103:Core/Src/adc.c ****     /* ADC1 DMA Init */
 104:Core/Src/adc.c ****     /* ADC1 Init */
 105:Core/Src/adc.c ****     hdma_adc1.Instance = DMA1_Channel1;
 106:Core/Src/adc.c ****     hdma_adc1.Init.Direction = DMA_PERIPH_TO_MEMORY;
 107:Core/Src/adc.c ****     hdma_adc1.Init.PeriphInc = DMA_PINC_DISABLE;
 108:Core/Src/adc.c ****     hdma_adc1.Init.MemInc = DMA_MINC_ENABLE;
 109:Core/Src/adc.c ****     hdma_adc1.Init.PeriphDataAlignment = DMA_PDATAALIGN_HALFWORD;
 110:Core/Src/adc.c ****     hdma_adc1.Init.MemDataAlignment = DMA_MDATAALIGN_HALFWORD;
 111:Core/Src/adc.c ****     hdma_adc1.Init.Mode = DMA_CIRCULAR;
 112:Core/Src/adc.c ****     hdma_adc1.Init.Priority = DMA_PRIORITY_LOW;
 113:Core/Src/adc.c ****     if (HAL_DMA_Init(&hdma_adc1) != HAL_OK)
 114:Core/Src/adc.c ****     {
 115:Core/Src/adc.c ****       Error_Handler();
 116:Core/Src/adc.c ****     }
 117:Core/Src/adc.c **** 
 118:Core/Src/adc.c ****     __HAL_LINKDMA(adcHandle,DMA_Handle,hdma_adc1);
 119:Core/Src/adc.c **** 
 120:Core/Src/adc.c ****   /* USER CODE BEGIN ADC1_MspInit 1 */
 121:Core/Src/adc.c **** 
 122:Core/Src/adc.c ****   /* USER CODE END ADC1_MspInit 1 */
 123:Core/Src/adc.c ****   }
 124:Core/Src/adc.c **** }
 186              		.loc 1 124 1 view .LVU48
 187 0016 06B0     		add	sp, sp, #24
 188              	.LCFI6:
 189              		.cfi_remember_state
 190              		.cfi_def_cfa_offset 8
 191              		@ sp needed
 192 0018 10BD     		pop	{r4, pc}
 193              	.LVL8:
 194              	.L15:
 195              	.LCFI7:
 196              		.cfi_restore_state
 197              		.loc 1 124 1 view .LVU49
 198 001a 0446     		mov	r4, r0
  92:Core/Src/adc.c **** 
 199              		.loc 1 92 5 is_stmt 1 view .LVU50
 200              	.LBB2:
  92:Core/Src/adc.c **** 
 201              		.loc 1 92 5 view .LVU51
  92:Core/Src/adc.c **** 
 202              		.loc 1 92 5 view .LVU52
 203 001c 03F56C43 		add	r3, r3, #60416
 204 0020 9A69     		ldr	r2, [r3, #24]
 205 0022 42F40072 		orr	r2, r2, #512
 206 0026 9A61     		str	r2, [r3, #24]
  92:Core/Src/adc.c **** 
 207              		.loc 1 92 5 view .LVU53
 208 0028 9A69     		ldr	r2, [r3, #24]
 209 002a 02F40072 		and	r2, r2, #512
 210 002e 0092     		str	r2, [sp]
  92:Core/Src/adc.c **** 
 211              		.loc 1 92 5 view .LVU54
 212 0030 009A     		ldr	r2, [sp]
 213              	.LBE2:
ARM GAS  C:\Users\86390\AppData\Local\Temp\cce49CSe.s 			page 7


  92:Core/Src/adc.c **** 
 214              		.loc 1 92 5 view .LVU55
  94:Core/Src/adc.c ****     /**ADC1 GPIO Configuration
 215              		.loc 1 94 5 view .LVU56
 216              	.LBB3:
  94:Core/Src/adc.c ****     /**ADC1 GPIO Configuration
 217              		.loc 1 94 5 view .LVU57
  94:Core/Src/adc.c ****     /**ADC1 GPIO Configuration
 218              		.loc 1 94 5 view .LVU58
 219 0032 9A69     		ldr	r2, [r3, #24]
 220 0034 42F00802 		orr	r2, r2, #8
 221 0038 9A61     		str	r2, [r3, #24]
  94:Core/Src/adc.c ****     /**ADC1 GPIO Configuration
 222              		.loc 1 94 5 view .LVU59
 223 003a 9B69     		ldr	r3, [r3, #24]
 224 003c 03F00803 		and	r3, r3, #8
 225 0040 0193     		str	r3, [sp, #4]
  94:Core/Src/adc.c ****     /**ADC1 GPIO Configuration
 226              		.loc 1 94 5 view .LVU60
 227 0042 019B     		ldr	r3, [sp, #4]
 228              	.LBE3:
  94:Core/Src/adc.c ****     /**ADC1 GPIO Configuration
 229              		.loc 1 94 5 view .LVU61
  99:Core/Src/adc.c ****     GPIO_InitStruct.Mode = GPIO_MODE_ANALOG;
 230              		.loc 1 99 5 view .LVU62
  99:Core/Src/adc.c ****     GPIO_InitStruct.Mode = GPIO_MODE_ANALOG;
 231              		.loc 1 99 25 is_stmt 0 view .LVU63
 232 0044 0323     		movs	r3, #3
 233 0046 0293     		str	r3, [sp, #8]
 100:Core/Src/adc.c ****     HAL_GPIO_Init(GPIOB, &GPIO_InitStruct);
 234              		.loc 1 100 5 is_stmt 1 view .LVU64
 100:Core/Src/adc.c ****     HAL_GPIO_Init(GPIOB, &GPIO_InitStruct);
 235              		.loc 1 100 26 is_stmt 0 view .LVU65
 236 0048 0393     		str	r3, [sp, #12]
 101:Core/Src/adc.c **** 
 237              		.loc 1 101 5 is_stmt 1 view .LVU66
 238 004a 02A9     		add	r1, sp, #8
 239 004c 0F48     		ldr	r0, .L17+4
 240              	.LVL9:
 101:Core/Src/adc.c **** 
 241              		.loc 1 101 5 is_stmt 0 view .LVU67
 242 004e FFF7FEFF 		bl	HAL_GPIO_Init
 243              	.LVL10:
 105:Core/Src/adc.c ****     hdma_adc1.Init.Direction = DMA_PERIPH_TO_MEMORY;
 244              		.loc 1 105 5 is_stmt 1 view .LVU68
 105:Core/Src/adc.c ****     hdma_adc1.Init.Direction = DMA_PERIPH_TO_MEMORY;
 245              		.loc 1 105 24 is_stmt 0 view .LVU69
 246 0052 0F48     		ldr	r0, .L17+8
 247 0054 0F4B     		ldr	r3, .L17+12
 248 0056 0360     		str	r3, [r0]
 106:Core/Src/adc.c ****     hdma_adc1.Init.PeriphInc = DMA_PINC_DISABLE;
 249              		.loc 1 106 5 is_stmt 1 view .LVU70
 106:Core/Src/adc.c ****     hdma_adc1.Init.PeriphInc = DMA_PINC_DISABLE;
 250              		.loc 1 106 30 is_stmt 0 view .LVU71
 251 0058 0023     		movs	r3, #0
 252 005a 4360     		str	r3, [r0, #4]
 107:Core/Src/adc.c ****     hdma_adc1.Init.MemInc = DMA_MINC_ENABLE;
ARM GAS  C:\Users\86390\AppData\Local\Temp\cce49CSe.s 			page 8


 253              		.loc 1 107 5 is_stmt 1 view .LVU72
 107:Core/Src/adc.c ****     hdma_adc1.Init.MemInc = DMA_MINC_ENABLE;
 254              		.loc 1 107 30 is_stmt 0 view .LVU73
 255 005c 8360     		str	r3, [r0, #8]
 108:Core/Src/adc.c ****     hdma_adc1.Init.PeriphDataAlignment = DMA_PDATAALIGN_HALFWORD;
 256              		.loc 1 108 5 is_stmt 1 view .LVU74
 108:Core/Src/adc.c ****     hdma_adc1.Init.PeriphDataAlignment = DMA_PDATAALIGN_HALFWORD;
 257              		.loc 1 108 27 is_stmt 0 view .LVU75
 258 005e 8022     		movs	r2, #128
 259 0060 C260     		str	r2, [r0, #12]
 109:Core/Src/adc.c ****     hdma_adc1.Init.MemDataAlignment = DMA_MDATAALIGN_HALFWORD;
 260              		.loc 1 109 5 is_stmt 1 view .LVU76
 109:Core/Src/adc.c ****     hdma_adc1.Init.MemDataAlignment = DMA_MDATAALIGN_HALFWORD;
 261              		.loc 1 109 40 is_stmt 0 view .LVU77
 262 0062 4FF48072 		mov	r2, #256
 263 0066 0261     		str	r2, [r0, #16]
 110:Core/Src/adc.c ****     hdma_adc1.Init.Mode = DMA_CIRCULAR;
 264              		.loc 1 110 5 is_stmt 1 view .LVU78
 110:Core/Src/adc.c ****     hdma_adc1.Init.Mode = DMA_CIRCULAR;
 265              		.loc 1 110 37 is_stmt 0 view .LVU79
 266 0068 4FF48062 		mov	r2, #1024
 267 006c 4261     		str	r2, [r0, #20]
 111:Core/Src/adc.c ****     hdma_adc1.Init.Priority = DMA_PRIORITY_LOW;
 268              		.loc 1 111 5 is_stmt 1 view .LVU80
 111:Core/Src/adc.c ****     hdma_adc1.Init.Priority = DMA_PRIORITY_LOW;
 269              		.loc 1 111 25 is_stmt 0 view .LVU81
 270 006e 2022     		movs	r2, #32
 271 0070 8261     		str	r2, [r0, #24]
 112:Core/Src/adc.c ****     if (HAL_DMA_Init(&hdma_adc1) != HAL_OK)
 272              		.loc 1 112 5 is_stmt 1 view .LVU82
 112:Core/Src/adc.c ****     if (HAL_DMA_Init(&hdma_adc1) != HAL_OK)
 273              		.loc 1 112 29 is_stmt 0 view .LVU83
 274 0072 C361     		str	r3, [r0, #28]
 113:Core/Src/adc.c ****     {
 275              		.loc 1 113 5 is_stmt 1 view .LVU84
 113:Core/Src/adc.c ****     {
 276              		.loc 1 113 9 is_stmt 0 view .LVU85
 277 0074 FFF7FEFF 		bl	HAL_DMA_Init
 278              	.LVL11:
 113:Core/Src/adc.c ****     {
 279              		.loc 1 113 8 view .LVU86
 280 0078 18B9     		cbnz	r0, .L16
 281              	.L13:
 118:Core/Src/adc.c **** 
 282              		.loc 1 118 5 is_stmt 1 view .LVU87
 118:Core/Src/adc.c **** 
 283              		.loc 1 118 5 view .LVU88
 284 007a 054B     		ldr	r3, .L17+8
 285 007c 2362     		str	r3, [r4, #32]
 118:Core/Src/adc.c **** 
 286              		.loc 1 118 5 view .LVU89
 287 007e 5C62     		str	r4, [r3, #36]
 118:Core/Src/adc.c **** 
 288              		.loc 1 118 5 view .LVU90
 289              		.loc 1 124 1 is_stmt 0 view .LVU91
 290 0080 C9E7     		b	.L11
 291              	.L16:
ARM GAS  C:\Users\86390\AppData\Local\Temp\cce49CSe.s 			page 9


 115:Core/Src/adc.c ****     }
 292              		.loc 1 115 7 is_stmt 1 view .LVU92
 293 0082 FFF7FEFF 		bl	Error_Handler
 294              	.LVL12:
 295 0086 F8E7     		b	.L13
 296              	.L18:
 297              		.align	2
 298              	.L17:
 299 0088 00240140 		.word	1073816576
 300 008c 000C0140 		.word	1073810432
 301 0090 00000000 		.word	.LANCHOR1
 302 0094 08000240 		.word	1073872904
 303              		.cfi_endproc
 304              	.LFE66:
 306              		.section	.text.HAL_ADC_MspDeInit,"ax",%progbits
 307              		.align	1
 308              		.global	HAL_ADC_MspDeInit
 309              		.syntax unified
 310              		.thumb
 311              		.thumb_func
 313              	HAL_ADC_MspDeInit:
 314              	.LVL13:
 315              	.LFB67:
 125:Core/Src/adc.c **** 
 126:Core/Src/adc.c **** void HAL_ADC_MspDeInit(ADC_HandleTypeDef* adcHandle)
 127:Core/Src/adc.c **** {
 316              		.loc 1 127 1 view -0
 317              		.cfi_startproc
 318              		@ args = 0, pretend = 0, frame = 0
 319              		@ frame_needed = 0, uses_anonymous_args = 0
 128:Core/Src/adc.c **** 
 129:Core/Src/adc.c ****   if(adcHandle->Instance==ADC1)
 320              		.loc 1 129 3 view .LVU94
 321              		.loc 1 129 15 is_stmt 0 view .LVU95
 322 0000 0268     		ldr	r2, [r0]
 323              		.loc 1 129 5 view .LVU96
 324 0002 094B     		ldr	r3, .L26
 325 0004 9A42     		cmp	r2, r3
 326 0006 00D0     		beq	.L25
 327 0008 7047     		bx	lr
 328              	.L25:
 127:Core/Src/adc.c **** 
 329              		.loc 1 127 1 view .LVU97
 330 000a 10B5     		push	{r4, lr}
 331              	.LCFI8:
 332              		.cfi_def_cfa_offset 8
 333              		.cfi_offset 4, -8
 334              		.cfi_offset 14, -4
 335 000c 0446     		mov	r4, r0
 130:Core/Src/adc.c ****   {
 131:Core/Src/adc.c ****   /* USER CODE BEGIN ADC1_MspDeInit 0 */
 132:Core/Src/adc.c **** 
 133:Core/Src/adc.c ****   /* USER CODE END ADC1_MspDeInit 0 */
 134:Core/Src/adc.c ****     /* Peripheral clock disable */
 135:Core/Src/adc.c ****     __HAL_RCC_ADC1_CLK_DISABLE();
 336              		.loc 1 135 5 is_stmt 1 view .LVU98
 337 000e 074A     		ldr	r2, .L26+4
ARM GAS  C:\Users\86390\AppData\Local\Temp\cce49CSe.s 			page 10


 338 0010 9369     		ldr	r3, [r2, #24]
 339 0012 23F40073 		bic	r3, r3, #512
 340 0016 9361     		str	r3, [r2, #24]
 136:Core/Src/adc.c **** 
 137:Core/Src/adc.c ****     /**ADC1 GPIO Configuration
 138:Core/Src/adc.c ****     PB0     ------> ADC1_IN8
 139:Core/Src/adc.c ****     PB1     ------> ADC1_IN9
 140:Core/Src/adc.c ****     */
 141:Core/Src/adc.c ****     HAL_GPIO_DeInit(GPIOB, GPIO_PIN_0|GPIO_PIN_1);
 341              		.loc 1 141 5 view .LVU99
 342 0018 0321     		movs	r1, #3
 343 001a 0548     		ldr	r0, .L26+8
 344              	.LVL14:
 345              		.loc 1 141 5 is_stmt 0 view .LVU100
 346 001c FFF7FEFF 		bl	HAL_GPIO_DeInit
 347              	.LVL15:
 142:Core/Src/adc.c **** 
 143:Core/Src/adc.c ****     /* ADC1 DMA DeInit */
 144:Core/Src/adc.c ****     HAL_DMA_DeInit(adcHandle->DMA_Handle);
 348              		.loc 1 144 5 is_stmt 1 view .LVU101
 349 0020 206A     		ldr	r0, [r4, #32]
 350 0022 FFF7FEFF 		bl	HAL_DMA_DeInit
 351              	.LVL16:
 145:Core/Src/adc.c ****   /* USER CODE BEGIN ADC1_MspDeInit 1 */
 146:Core/Src/adc.c **** 
 147:Core/Src/adc.c ****   /* USER CODE END ADC1_MspDeInit 1 */
 148:Core/Src/adc.c ****   }
 149:Core/Src/adc.c **** }
 352              		.loc 1 149 1 is_stmt 0 view .LVU102
 353 0026 10BD     		pop	{r4, pc}
 354              	.LVL17:
 355              	.L27:
 356              		.loc 1 149 1 view .LVU103
 357              		.align	2
 358              	.L26:
 359 0028 00240140 		.word	1073816576
 360 002c 00100240 		.word	1073876992
 361 0030 000C0140 		.word	1073810432
 362              		.cfi_endproc
 363              	.LFE67:
 365              		.global	hdma_adc1
 366              		.global	hadc1
 367              		.section	.bss.hadc1,"aw",%nobits
 368              		.align	2
 369              		.set	.LANCHOR0,. + 0
 372              	hadc1:
 373 0000 00000000 		.space	48
 373      00000000 
 373      00000000 
 373      00000000 
 373      00000000 
 374              		.section	.bss.hdma_adc1,"aw",%nobits
 375              		.align	2
 376              		.set	.LANCHOR1,. + 0
 379              	hdma_adc1:
 380 0000 00000000 		.space	68
 380      00000000 
ARM GAS  C:\Users\86390\AppData\Local\Temp\cce49CSe.s 			page 11


 380      00000000 
 380      00000000 
 380      00000000 
 381              		.text
 382              	.Letext0:
 383              		.file 2 "d:\\stm32_vscode_bag\\gnu\\arm-none-eabi\\include\\machine\\_default_types.h"
 384              		.file 3 "d:\\stm32_vscode_bag\\gnu\\arm-none-eabi\\include\\sys\\_stdint.h"
 385              		.file 4 "Drivers/CMSIS/Device/ST/STM32F1xx/Include/stm32f103xb.h"
 386              		.file 5 "Drivers/CMSIS/Device/ST/STM32F1xx/Include/stm32f1xx.h"
 387              		.file 6 "Drivers/STM32F1xx_HAL_Driver/Inc/stm32f1xx_hal_def.h"
 388              		.file 7 "Drivers/STM32F1xx_HAL_Driver/Inc/stm32f1xx_hal_gpio.h"
 389              		.file 8 "Drivers/STM32F1xx_HAL_Driver/Inc/stm32f1xx_hal_dma.h"
 390              		.file 9 "Drivers/STM32F1xx_HAL_Driver/Inc/stm32f1xx_hal_adc.h"
 391              		.file 10 "Core/Inc/adc.h"
 392              		.file 11 "Core/Inc/main.h"
ARM GAS  C:\Users\86390\AppData\Local\Temp\cce49CSe.s 			page 12


DEFINED SYMBOLS
                            *ABS*:00000000 adc.c
C:\Users\86390\AppData\Local\Temp\cce49CSe.s:18     .text.MX_ADC1_Init:00000000 $t
C:\Users\86390\AppData\Local\Temp\cce49CSe.s:24     .text.MX_ADC1_Init:00000000 MX_ADC1_Init
C:\Users\86390\AppData\Local\Temp\cce49CSe.s:142    .text.MX_ADC1_Init:0000006c $d
C:\Users\86390\AppData\Local\Temp\cce49CSe.s:148    .text.HAL_ADC_MspInit:00000000 $t
C:\Users\86390\AppData\Local\Temp\cce49CSe.s:154    .text.HAL_ADC_MspInit:00000000 HAL_ADC_MspInit
C:\Users\86390\AppData\Local\Temp\cce49CSe.s:299    .text.HAL_ADC_MspInit:00000088 $d
C:\Users\86390\AppData\Local\Temp\cce49CSe.s:307    .text.HAL_ADC_MspDeInit:00000000 $t
C:\Users\86390\AppData\Local\Temp\cce49CSe.s:313    .text.HAL_ADC_MspDeInit:00000000 HAL_ADC_MspDeInit
C:\Users\86390\AppData\Local\Temp\cce49CSe.s:359    .text.HAL_ADC_MspDeInit:00000028 $d
C:\Users\86390\AppData\Local\Temp\cce49CSe.s:379    .bss.hdma_adc1:00000000 hdma_adc1
C:\Users\86390\AppData\Local\Temp\cce49CSe.s:372    .bss.hadc1:00000000 hadc1
C:\Users\86390\AppData\Local\Temp\cce49CSe.s:368    .bss.hadc1:00000000 $d
C:\Users\86390\AppData\Local\Temp\cce49CSe.s:375    .bss.hdma_adc1:00000000 $d

UNDEFINED SYMBOLS
HAL_ADC_Init
HAL_ADC_ConfigChannel
Error_Handler
HAL_GPIO_Init
HAL_DMA_Init
HAL_GPIO_DeInit
HAL_DMA_DeInit
