ARM GAS  C:\Users\86390\AppData\Local\Temp\ccKxFZwO.s 			page 1


   1              		.cpu cortex-m3
   2              		.arch armv7-m
   3              		.fpu softvfp
   4              		.eabi_attribute 20, 1
   5              		.eabi_attribute 21, 1
   6              		.eabi_attribute 23, 3
   7              		.eabi_attribute 24, 1
   8              		.eabi_attribute 25, 1
   9              		.eabi_attribute 26, 1
  10              		.eabi_attribute 30, 1
  11              		.eabi_attribute 34, 1
  12              		.eabi_attribute 18, 4
  13              		.file	"tim.c"
  14              		.text
  15              	.Ltext0:
  16              		.cfi_sections	.debug_frame
  17              		.section	.text.MX_TIM3_Init,"ax",%progbits
  18              		.align	1
  19              		.global	MX_TIM3_Init
  20              		.syntax unified
  21              		.thumb
  22              		.thumb_func
  24              	MX_TIM3_Init:
  25              	.LFB66:
  26              		.file 1 "Core/Src/tim.c"
   1:Core/Src/tim.c **** /* USER CODE BEGIN Header */
   2:Core/Src/tim.c **** /**
   3:Core/Src/tim.c ****   ******************************************************************************
   4:Core/Src/tim.c ****   * @file    tim.c
   5:Core/Src/tim.c ****   * @brief   This file provides code for the configuration
   6:Core/Src/tim.c ****   *          of the TIM instances.
   7:Core/Src/tim.c ****   ******************************************************************************
   8:Core/Src/tim.c ****   * @attention
   9:Core/Src/tim.c ****   *
  10:Core/Src/tim.c ****   * Copyright (c) 2024 STMicroelectronics.
  11:Core/Src/tim.c ****   * All rights reserved.
  12:Core/Src/tim.c ****   *
  13:Core/Src/tim.c ****   * This software is licensed under terms that can be found in the LICENSE file
  14:Core/Src/tim.c ****   * in the root directory of this software component.
  15:Core/Src/tim.c ****   * If no LICENSE file comes with this software, it is provided AS-IS.
  16:Core/Src/tim.c ****   *
  17:Core/Src/tim.c ****   ******************************************************************************
  18:Core/Src/tim.c ****   */
  19:Core/Src/tim.c **** /* USER CODE END Header */
  20:Core/Src/tim.c **** /* Includes ------------------------------------------------------------------*/
  21:Core/Src/tim.c **** #include "tim.h"
  22:Core/Src/tim.c **** 
  23:Core/Src/tim.c **** /* USER CODE BEGIN 0 */
  24:Core/Src/tim.c **** 
  25:Core/Src/tim.c **** /* USER CODE END 0 */
  26:Core/Src/tim.c **** 
  27:Core/Src/tim.c **** TIM_HandleTypeDef htim2;
  28:Core/Src/tim.c **** TIM_HandleTypeDef htim3;
  29:Core/Src/tim.c **** 
  30:Core/Src/tim.c **** /* TIM2 init function */
  31:Core/Src/tim.c **** void MX_TIM2_Init(void)
  32:Core/Src/tim.c **** {
ARM GAS  C:\Users\86390\AppData\Local\Temp\ccKxFZwO.s 			page 2


  33:Core/Src/tim.c **** 
  34:Core/Src/tim.c ****   /* USER CODE BEGIN TIM2_Init 0 */
  35:Core/Src/tim.c **** 
  36:Core/Src/tim.c ****   /* USER CODE END TIM2_Init 0 */
  37:Core/Src/tim.c **** 
  38:Core/Src/tim.c ****   TIM_MasterConfigTypeDef sMasterConfig = {0};
  39:Core/Src/tim.c ****   TIM_OC_InitTypeDef sConfigOC = {0};
  40:Core/Src/tim.c **** 
  41:Core/Src/tim.c ****   /* USER CODE BEGIN TIM2_Init 1 */
  42:Core/Src/tim.c **** 
  43:Core/Src/tim.c ****   /* USER CODE END TIM2_Init 1 */
  44:Core/Src/tim.c ****   htim2.Instance = TIM2;
  45:Core/Src/tim.c ****   htim2.Init.Prescaler = 2-1;
  46:Core/Src/tim.c ****   htim2.Init.CounterMode = TIM_COUNTERMODE_CENTERALIGNED1;
  47:Core/Src/tim.c ****   htim2.Init.Period = 1500-1;
  48:Core/Src/tim.c ****   htim2.Init.ClockDivision = TIM_CLOCKDIVISION_DIV1;
  49:Core/Src/tim.c ****   htim2.Init.AutoReloadPreload = TIM_AUTORELOAD_PRELOAD_DISABLE;
  50:Core/Src/tim.c ****   if (HAL_TIM_PWM_Init(&htim2) != HAL_OK)
  51:Core/Src/tim.c ****   {
  52:Core/Src/tim.c ****     Error_Handler();
  53:Core/Src/tim.c ****   }
  54:Core/Src/tim.c ****   sMasterConfig.MasterOutputTrigger = TIM_TRGO_RESET;
  55:Core/Src/tim.c ****   sMasterConfig.MasterSlaveMode = TIM_MASTERSLAVEMODE_DISABLE;
  56:Core/Src/tim.c ****   if (HAL_TIMEx_MasterConfigSynchronization(&htim2, &sMasterConfig) != HAL_OK)
  57:Core/Src/tim.c ****   {
  58:Core/Src/tim.c ****     Error_Handler();
  59:Core/Src/tim.c ****   }
  60:Core/Src/tim.c ****   sConfigOC.OCMode = TIM_OCMODE_PWM2;
  61:Core/Src/tim.c ****   sConfigOC.Pulse = 0;
  62:Core/Src/tim.c ****   sConfigOC.OCPolarity = TIM_OCPOLARITY_HIGH;
  63:Core/Src/tim.c ****   sConfigOC.OCFastMode = TIM_OCFAST_DISABLE;
  64:Core/Src/tim.c ****   if (HAL_TIM_PWM_ConfigChannel(&htim2, &sConfigOC, TIM_CHANNEL_1) != HAL_OK)
  65:Core/Src/tim.c ****   {
  66:Core/Src/tim.c ****     Error_Handler();
  67:Core/Src/tim.c ****   }
  68:Core/Src/tim.c ****   if (HAL_TIM_PWM_ConfigChannel(&htim2, &sConfigOC, TIM_CHANNEL_2) != HAL_OK)
  69:Core/Src/tim.c ****   {
  70:Core/Src/tim.c ****     Error_Handler();
  71:Core/Src/tim.c ****   }
  72:Core/Src/tim.c ****   if (HAL_TIM_PWM_ConfigChannel(&htim2, &sConfigOC, TIM_CHANNEL_3) != HAL_OK)
  73:Core/Src/tim.c ****   {
  74:Core/Src/tim.c ****     Error_Handler();
  75:Core/Src/tim.c ****   }
  76:Core/Src/tim.c ****   /* USER CODE BEGIN TIM2_Init 2 */
  77:Core/Src/tim.c **** 
  78:Core/Src/tim.c ****   /* USER CODE END TIM2_Init 2 */
  79:Core/Src/tim.c ****   HAL_TIM_MspPostInit(&htim2);
  80:Core/Src/tim.c **** 
  81:Core/Src/tim.c **** }
  82:Core/Src/tim.c **** /* TIM3 init function */
  83:Core/Src/tim.c **** void MX_TIM3_Init(void)
  84:Core/Src/tim.c **** {
  27              		.loc 1 84 1 view -0
  28              		.cfi_startproc
  29              		@ args = 0, pretend = 0, frame = 24
  30              		@ frame_needed = 0, uses_anonymous_args = 0
  31 0000 00B5     		push	{lr}
ARM GAS  C:\Users\86390\AppData\Local\Temp\ccKxFZwO.s 			page 3


  32              	.LCFI0:
  33              		.cfi_def_cfa_offset 4
  34              		.cfi_offset 14, -4
  35 0002 87B0     		sub	sp, sp, #28
  36              	.LCFI1:
  37              		.cfi_def_cfa_offset 32
  85:Core/Src/tim.c **** 
  86:Core/Src/tim.c ****   /* USER CODE BEGIN TIM3_Init 0 */
  87:Core/Src/tim.c **** 
  88:Core/Src/tim.c ****   /* USER CODE END TIM3_Init 0 */
  89:Core/Src/tim.c **** 
  90:Core/Src/tim.c ****   TIM_ClockConfigTypeDef sClockSourceConfig = {0};
  38              		.loc 1 90 3 view .LVU1
  39              		.loc 1 90 26 is_stmt 0 view .LVU2
  40 0004 0023     		movs	r3, #0
  41 0006 0293     		str	r3, [sp, #8]
  42 0008 0393     		str	r3, [sp, #12]
  43 000a 0493     		str	r3, [sp, #16]
  44 000c 0593     		str	r3, [sp, #20]
  91:Core/Src/tim.c ****   TIM_MasterConfigTypeDef sMasterConfig = {0};
  45              		.loc 1 91 3 is_stmt 1 view .LVU3
  46              		.loc 1 91 27 is_stmt 0 view .LVU4
  47 000e 0093     		str	r3, [sp]
  48 0010 0193     		str	r3, [sp, #4]
  92:Core/Src/tim.c **** 
  93:Core/Src/tim.c ****   /* USER CODE BEGIN TIM3_Init 1 */
  94:Core/Src/tim.c **** 
  95:Core/Src/tim.c ****   /* USER CODE END TIM3_Init 1 */
  96:Core/Src/tim.c ****   htim3.Instance = TIM3;
  49              		.loc 1 96 3 is_stmt 1 view .LVU5
  50              		.loc 1 96 18 is_stmt 0 view .LVU6
  51 0012 1448     		ldr	r0, .L9
  52 0014 144A     		ldr	r2, .L9+4
  53 0016 0260     		str	r2, [r0]
  97:Core/Src/tim.c ****   htim3.Init.Prescaler = 1-1;
  54              		.loc 1 97 3 is_stmt 1 view .LVU7
  55              		.loc 1 97 24 is_stmt 0 view .LVU8
  56 0018 4360     		str	r3, [r0, #4]
  98:Core/Src/tim.c ****   htim3.Init.CounterMode = TIM_COUNTERMODE_UP;
  57              		.loc 1 98 3 is_stmt 1 view .LVU9
  58              		.loc 1 98 26 is_stmt 0 view .LVU10
  59 001a 8360     		str	r3, [r0, #8]
  99:Core/Src/tim.c ****   htim3.Init.Period = 1428-1;
  60              		.loc 1 99 3 is_stmt 1 view .LVU11
  61              		.loc 1 99 21 is_stmt 0 view .LVU12
  62 001c 40F29352 		movw	r2, #1427
  63 0020 C260     		str	r2, [r0, #12]
 100:Core/Src/tim.c ****   htim3.Init.ClockDivision = TIM_CLOCKDIVISION_DIV1;
  64              		.loc 1 100 3 is_stmt 1 view .LVU13
  65              		.loc 1 100 28 is_stmt 0 view .LVU14
  66 0022 0361     		str	r3, [r0, #16]
 101:Core/Src/tim.c ****   htim3.Init.AutoReloadPreload = TIM_AUTORELOAD_PRELOAD_DISABLE;
  67              		.loc 1 101 3 is_stmt 1 view .LVU15
  68              		.loc 1 101 32 is_stmt 0 view .LVU16
  69 0024 8361     		str	r3, [r0, #24]
 102:Core/Src/tim.c ****   if (HAL_TIM_Base_Init(&htim3) != HAL_OK)
  70              		.loc 1 102 3 is_stmt 1 view .LVU17
ARM GAS  C:\Users\86390\AppData\Local\Temp\ccKxFZwO.s 			page 4


  71              		.loc 1 102 7 is_stmt 0 view .LVU18
  72 0026 FFF7FEFF 		bl	HAL_TIM_Base_Init
  73              	.LVL0:
  74              		.loc 1 102 6 view .LVU19
  75 002a 90B9     		cbnz	r0, .L6
  76              	.L2:
 103:Core/Src/tim.c ****   {
 104:Core/Src/tim.c ****     Error_Handler();
 105:Core/Src/tim.c ****   }
 106:Core/Src/tim.c ****   sClockSourceConfig.ClockSource = TIM_CLOCKSOURCE_INTERNAL;
  77              		.loc 1 106 3 is_stmt 1 view .LVU20
  78              		.loc 1 106 34 is_stmt 0 view .LVU21
  79 002c 4FF48053 		mov	r3, #4096
  80 0030 0293     		str	r3, [sp, #8]
 107:Core/Src/tim.c ****   if (HAL_TIM_ConfigClockSource(&htim3, &sClockSourceConfig) != HAL_OK)
  81              		.loc 1 107 3 is_stmt 1 view .LVU22
  82              		.loc 1 107 7 is_stmt 0 view .LVU23
  83 0032 02A9     		add	r1, sp, #8
  84 0034 0B48     		ldr	r0, .L9
  85 0036 FFF7FEFF 		bl	HAL_TIM_ConfigClockSource
  86              	.LVL1:
  87              		.loc 1 107 6 view .LVU24
  88 003a 68B9     		cbnz	r0, .L7
  89              	.L3:
 108:Core/Src/tim.c ****   {
 109:Core/Src/tim.c ****     Error_Handler();
 110:Core/Src/tim.c ****   }
 111:Core/Src/tim.c ****   sMasterConfig.MasterOutputTrigger = TIM_TRGO_RESET;
  90              		.loc 1 111 3 is_stmt 1 view .LVU25
  91              		.loc 1 111 37 is_stmt 0 view .LVU26
  92 003c 0023     		movs	r3, #0
  93 003e 0093     		str	r3, [sp]
 112:Core/Src/tim.c ****   sMasterConfig.MasterSlaveMode = TIM_MASTERSLAVEMODE_DISABLE;
  94              		.loc 1 112 3 is_stmt 1 view .LVU27
  95              		.loc 1 112 33 is_stmt 0 view .LVU28
  96 0040 0193     		str	r3, [sp, #4]
 113:Core/Src/tim.c ****   if (HAL_TIMEx_MasterConfigSynchronization(&htim3, &sMasterConfig) != HAL_OK)
  97              		.loc 1 113 3 is_stmt 1 view .LVU29
  98              		.loc 1 113 7 is_stmt 0 view .LVU30
  99 0042 6946     		mov	r1, sp
 100 0044 0748     		ldr	r0, .L9
 101 0046 FFF7FEFF 		bl	HAL_TIMEx_MasterConfigSynchronization
 102              	.LVL2:
 103              		.loc 1 113 6 view .LVU31
 104 004a 40B9     		cbnz	r0, .L8
 105              	.L1:
 114:Core/Src/tim.c ****   {
 115:Core/Src/tim.c ****     Error_Handler();
 116:Core/Src/tim.c ****   }
 117:Core/Src/tim.c ****   /* USER CODE BEGIN TIM3_Init 2 */
 118:Core/Src/tim.c **** 
 119:Core/Src/tim.c ****   /* USER CODE END TIM3_Init 2 */
 120:Core/Src/tim.c **** 
 121:Core/Src/tim.c **** }
 106              		.loc 1 121 1 view .LVU32
 107 004c 07B0     		add	sp, sp, #28
 108              	.LCFI2:
ARM GAS  C:\Users\86390\AppData\Local\Temp\ccKxFZwO.s 			page 5


 109              		.cfi_remember_state
 110              		.cfi_def_cfa_offset 4
 111              		@ sp needed
 112 004e 5DF804FB 		ldr	pc, [sp], #4
 113              	.L6:
 114              	.LCFI3:
 115              		.cfi_restore_state
 104:Core/Src/tim.c ****   }
 116              		.loc 1 104 5 is_stmt 1 view .LVU33
 117 0052 FFF7FEFF 		bl	Error_Handler
 118              	.LVL3:
 119 0056 E9E7     		b	.L2
 120              	.L7:
 109:Core/Src/tim.c ****   }
 121              		.loc 1 109 5 view .LVU34
 122 0058 FFF7FEFF 		bl	Error_Handler
 123              	.LVL4:
 124 005c EEE7     		b	.L3
 125              	.L8:
 115:Core/Src/tim.c ****   }
 126              		.loc 1 115 5 view .LVU35
 127 005e FFF7FEFF 		bl	Error_Handler
 128              	.LVL5:
 129              		.loc 1 121 1 is_stmt 0 view .LVU36
 130 0062 F3E7     		b	.L1
 131              	.L10:
 132              		.align	2
 133              	.L9:
 134 0064 00000000 		.word	.LANCHOR0
 135 0068 00040040 		.word	1073742848
 136              		.cfi_endproc
 137              	.LFE66:
 139              		.section	.text.HAL_TIM_PWM_MspInit,"ax",%progbits
 140              		.align	1
 141              		.global	HAL_TIM_PWM_MspInit
 142              		.syntax unified
 143              		.thumb
 144              		.thumb_func
 146              	HAL_TIM_PWM_MspInit:
 147              	.LVL6:
 148              	.LFB67:
 122:Core/Src/tim.c **** 
 123:Core/Src/tim.c **** void HAL_TIM_PWM_MspInit(TIM_HandleTypeDef* tim_pwmHandle)
 124:Core/Src/tim.c **** {
 149              		.loc 1 124 1 is_stmt 1 view -0
 150              		.cfi_startproc
 151              		@ args = 0, pretend = 0, frame = 8
 152              		@ frame_needed = 0, uses_anonymous_args = 0
 153              		@ link register save eliminated.
 125:Core/Src/tim.c **** 
 126:Core/Src/tim.c ****   if(tim_pwmHandle->Instance==TIM2)
 154              		.loc 1 126 3 view .LVU38
 155              		.loc 1 126 19 is_stmt 0 view .LVU39
 156 0000 0368     		ldr	r3, [r0]
 157              		.loc 1 126 5 view .LVU40
 158 0002 B3F1804F 		cmp	r3, #1073741824
 159 0006 00D0     		beq	.L17
ARM GAS  C:\Users\86390\AppData\Local\Temp\ccKxFZwO.s 			page 6


 160 0008 7047     		bx	lr
 161              	.L17:
 124:Core/Src/tim.c **** 
 162              		.loc 1 124 1 view .LVU41
 163 000a 82B0     		sub	sp, sp, #8
 164              	.LCFI4:
 165              		.cfi_def_cfa_offset 8
 127:Core/Src/tim.c ****   {
 128:Core/Src/tim.c ****   /* USER CODE BEGIN TIM2_MspInit 0 */
 129:Core/Src/tim.c **** 
 130:Core/Src/tim.c ****   /* USER CODE END TIM2_MspInit 0 */
 131:Core/Src/tim.c ****     /* TIM2 clock enable */
 132:Core/Src/tim.c ****     __HAL_RCC_TIM2_CLK_ENABLE();
 166              		.loc 1 132 5 is_stmt 1 view .LVU42
 167              	.LBB2:
 168              		.loc 1 132 5 view .LVU43
 169              		.loc 1 132 5 view .LVU44
 170 000c 03F50433 		add	r3, r3, #135168
 171 0010 DA69     		ldr	r2, [r3, #28]
 172 0012 42F00102 		orr	r2, r2, #1
 173 0016 DA61     		str	r2, [r3, #28]
 174              		.loc 1 132 5 view .LVU45
 175 0018 DB69     		ldr	r3, [r3, #28]
 176 001a 03F00103 		and	r3, r3, #1
 177 001e 0193     		str	r3, [sp, #4]
 178              		.loc 1 132 5 view .LVU46
 179 0020 019B     		ldr	r3, [sp, #4]
 180              	.LBE2:
 181              		.loc 1 132 5 view .LVU47
 133:Core/Src/tim.c ****   /* USER CODE BEGIN TIM2_MspInit 1 */
 134:Core/Src/tim.c **** 
 135:Core/Src/tim.c ****   /* USER CODE END TIM2_MspInit 1 */
 136:Core/Src/tim.c ****   }
 137:Core/Src/tim.c **** }
 182              		.loc 1 137 1 is_stmt 0 view .LVU48
 183 0022 02B0     		add	sp, sp, #8
 184              	.LCFI5:
 185              		.cfi_def_cfa_offset 0
 186              		@ sp needed
 187 0024 7047     		bx	lr
 188              		.cfi_endproc
 189              	.LFE67:
 191              		.section	.text.HAL_TIM_Base_MspInit,"ax",%progbits
 192              		.align	1
 193              		.global	HAL_TIM_Base_MspInit
 194              		.syntax unified
 195              		.thumb
 196              		.thumb_func
 198              	HAL_TIM_Base_MspInit:
 199              	.LVL7:
 200              	.LFB68:
 138:Core/Src/tim.c **** 
 139:Core/Src/tim.c **** void HAL_TIM_Base_MspInit(TIM_HandleTypeDef* tim_baseHandle)
 140:Core/Src/tim.c **** {
 201              		.loc 1 140 1 is_stmt 1 view -0
 202              		.cfi_startproc
 203              		@ args = 0, pretend = 0, frame = 8
ARM GAS  C:\Users\86390\AppData\Local\Temp\ccKxFZwO.s 			page 7


 204              		@ frame_needed = 0, uses_anonymous_args = 0
 141:Core/Src/tim.c **** 
 142:Core/Src/tim.c ****   if(tim_baseHandle->Instance==TIM3)
 205              		.loc 1 142 3 view .LVU50
 206              		.loc 1 142 20 is_stmt 0 view .LVU51
 207 0000 0268     		ldr	r2, [r0]
 208              		.loc 1 142 5 view .LVU52
 209 0002 0E4B     		ldr	r3, .L25
 210 0004 9A42     		cmp	r2, r3
 211 0006 00D0     		beq	.L24
 212 0008 7047     		bx	lr
 213              	.L24:
 140:Core/Src/tim.c **** 
 214              		.loc 1 140 1 view .LVU53
 215 000a 00B5     		push	{lr}
 216              	.LCFI6:
 217              		.cfi_def_cfa_offset 4
 218              		.cfi_offset 14, -4
 219 000c 83B0     		sub	sp, sp, #12
 220              	.LCFI7:
 221              		.cfi_def_cfa_offset 16
 143:Core/Src/tim.c ****   {
 144:Core/Src/tim.c ****   /* USER CODE BEGIN TIM3_MspInit 0 */
 145:Core/Src/tim.c **** 
 146:Core/Src/tim.c ****   /* USER CODE END TIM3_MspInit 0 */
 147:Core/Src/tim.c ****     /* TIM3 clock enable */
 148:Core/Src/tim.c ****     __HAL_RCC_TIM3_CLK_ENABLE();
 222              		.loc 1 148 5 is_stmt 1 view .LVU54
 223              	.LBB3:
 224              		.loc 1 148 5 view .LVU55
 225              		.loc 1 148 5 view .LVU56
 226 000e 03F50333 		add	r3, r3, #134144
 227 0012 DA69     		ldr	r2, [r3, #28]
 228 0014 42F00202 		orr	r2, r2, #2
 229 0018 DA61     		str	r2, [r3, #28]
 230              		.loc 1 148 5 view .LVU57
 231 001a DB69     		ldr	r3, [r3, #28]
 232 001c 03F00203 		and	r3, r3, #2
 233 0020 0193     		str	r3, [sp, #4]
 234              		.loc 1 148 5 view .LVU58
 235 0022 019B     		ldr	r3, [sp, #4]
 236              	.LBE3:
 237              		.loc 1 148 5 view .LVU59
 149:Core/Src/tim.c **** 
 150:Core/Src/tim.c ****     /* TIM3 interrupt Init */
 151:Core/Src/tim.c ****     HAL_NVIC_SetPriority(TIM3_IRQn, 0, 0);
 238              		.loc 1 151 5 view .LVU60
 239 0024 0022     		movs	r2, #0
 240 0026 1146     		mov	r1, r2
 241 0028 1D20     		movs	r0, #29
 242              	.LVL8:
 243              		.loc 1 151 5 is_stmt 0 view .LVU61
 244 002a FFF7FEFF 		bl	HAL_NVIC_SetPriority
 245              	.LVL9:
 152:Core/Src/tim.c ****     HAL_NVIC_EnableIRQ(TIM3_IRQn);
 246              		.loc 1 152 5 is_stmt 1 view .LVU62
 247 002e 1D20     		movs	r0, #29
ARM GAS  C:\Users\86390\AppData\Local\Temp\ccKxFZwO.s 			page 8


 248 0030 FFF7FEFF 		bl	HAL_NVIC_EnableIRQ
 249              	.LVL10:
 153:Core/Src/tim.c ****   /* USER CODE BEGIN TIM3_MspInit 1 */
 154:Core/Src/tim.c **** 
 155:Core/Src/tim.c ****   /* USER CODE END TIM3_MspInit 1 */
 156:Core/Src/tim.c ****   }
 157:Core/Src/tim.c **** }
 250              		.loc 1 157 1 is_stmt 0 view .LVU63
 251 0034 03B0     		add	sp, sp, #12
 252              	.LCFI8:
 253              		.cfi_def_cfa_offset 4
 254              		@ sp needed
 255 0036 5DF804FB 		ldr	pc, [sp], #4
 256              	.L26:
 257 003a 00BF     		.align	2
 258              	.L25:
 259 003c 00040040 		.word	1073742848
 260              		.cfi_endproc
 261              	.LFE68:
 263              		.section	.text.HAL_TIM_MspPostInit,"ax",%progbits
 264              		.align	1
 265              		.global	HAL_TIM_MspPostInit
 266              		.syntax unified
 267              		.thumb
 268              		.thumb_func
 270              	HAL_TIM_MspPostInit:
 271              	.LVL11:
 272              	.LFB69:
 158:Core/Src/tim.c **** void HAL_TIM_MspPostInit(TIM_HandleTypeDef* timHandle)
 159:Core/Src/tim.c **** {
 273              		.loc 1 159 1 is_stmt 1 view -0
 274              		.cfi_startproc
 275              		@ args = 0, pretend = 0, frame = 24
 276              		@ frame_needed = 0, uses_anonymous_args = 0
 277              		.loc 1 159 1 is_stmt 0 view .LVU65
 278 0000 00B5     		push	{lr}
 279              	.LCFI9:
 280              		.cfi_def_cfa_offset 4
 281              		.cfi_offset 14, -4
 282 0002 87B0     		sub	sp, sp, #28
 283              	.LCFI10:
 284              		.cfi_def_cfa_offset 32
 160:Core/Src/tim.c **** 
 161:Core/Src/tim.c ****   GPIO_InitTypeDef GPIO_InitStruct = {0};
 285              		.loc 1 161 3 is_stmt 1 view .LVU66
 286              		.loc 1 161 20 is_stmt 0 view .LVU67
 287 0004 0023     		movs	r3, #0
 288 0006 0293     		str	r3, [sp, #8]
 289 0008 0393     		str	r3, [sp, #12]
 290 000a 0493     		str	r3, [sp, #16]
 291 000c 0593     		str	r3, [sp, #20]
 162:Core/Src/tim.c ****   if(timHandle->Instance==TIM2)
 292              		.loc 1 162 3 is_stmt 1 view .LVU68
 293              		.loc 1 162 15 is_stmt 0 view .LVU69
 294 000e 0368     		ldr	r3, [r0]
 295              		.loc 1 162 5 view .LVU70
 296 0010 B3F1804F 		cmp	r3, #1073741824
ARM GAS  C:\Users\86390\AppData\Local\Temp\ccKxFZwO.s 			page 9


 297 0014 02D0     		beq	.L30
 298              	.LVL12:
 299              	.L27:
 163:Core/Src/tim.c ****   {
 164:Core/Src/tim.c ****   /* USER CODE BEGIN TIM2_MspPostInit 0 */
 165:Core/Src/tim.c **** 
 166:Core/Src/tim.c ****   /* USER CODE END TIM2_MspPostInit 0 */
 167:Core/Src/tim.c **** 
 168:Core/Src/tim.c ****     __HAL_RCC_GPIOA_CLK_ENABLE();
 169:Core/Src/tim.c ****     /**TIM2 GPIO Configuration
 170:Core/Src/tim.c ****     PA0-WKUP     ------> TIM2_CH1
 171:Core/Src/tim.c ****     PA1     ------> TIM2_CH2
 172:Core/Src/tim.c ****     PA2     ------> TIM2_CH3
 173:Core/Src/tim.c ****     */
 174:Core/Src/tim.c ****     GPIO_InitStruct.Pin = GPIO_PIN_0|GPIO_PIN_1|GPIO_PIN_2;
 175:Core/Src/tim.c ****     GPIO_InitStruct.Mode = GPIO_MODE_AF_PP;
 176:Core/Src/tim.c ****     GPIO_InitStruct.Speed = GPIO_SPEED_FREQ_LOW;
 177:Core/Src/tim.c ****     HAL_GPIO_Init(GPIOA, &GPIO_InitStruct);
 178:Core/Src/tim.c **** 
 179:Core/Src/tim.c ****   /* USER CODE BEGIN TIM2_MspPostInit 1 */
 180:Core/Src/tim.c **** 
 181:Core/Src/tim.c ****   /* USER CODE END TIM2_MspPostInit 1 */
 182:Core/Src/tim.c ****   }
 183:Core/Src/tim.c **** 
 184:Core/Src/tim.c **** }
 300              		.loc 1 184 1 view .LVU71
 301 0016 07B0     		add	sp, sp, #28
 302              	.LCFI11:
 303              		.cfi_remember_state
 304              		.cfi_def_cfa_offset 4
 305              		@ sp needed
 306 0018 5DF804FB 		ldr	pc, [sp], #4
 307              	.LVL13:
 308              	.L30:
 309              	.LCFI12:
 310              		.cfi_restore_state
 168:Core/Src/tim.c ****     /**TIM2 GPIO Configuration
 311              		.loc 1 168 5 is_stmt 1 view .LVU72
 312              	.LBB4:
 168:Core/Src/tim.c ****     /**TIM2 GPIO Configuration
 313              		.loc 1 168 5 view .LVU73
 168:Core/Src/tim.c ****     /**TIM2 GPIO Configuration
 314              		.loc 1 168 5 view .LVU74
 315 001c 03F50433 		add	r3, r3, #135168
 316 0020 9A69     		ldr	r2, [r3, #24]
 317 0022 42F00402 		orr	r2, r2, #4
 318 0026 9A61     		str	r2, [r3, #24]
 168:Core/Src/tim.c ****     /**TIM2 GPIO Configuration
 319              		.loc 1 168 5 view .LVU75
 320 0028 9B69     		ldr	r3, [r3, #24]
 321 002a 03F00403 		and	r3, r3, #4
 322 002e 0193     		str	r3, [sp, #4]
 168:Core/Src/tim.c ****     /**TIM2 GPIO Configuration
 323              		.loc 1 168 5 view .LVU76
 324 0030 019B     		ldr	r3, [sp, #4]
 325              	.LBE4:
 168:Core/Src/tim.c ****     /**TIM2 GPIO Configuration
ARM GAS  C:\Users\86390\AppData\Local\Temp\ccKxFZwO.s 			page 10


 326              		.loc 1 168 5 view .LVU77
 174:Core/Src/tim.c ****     GPIO_InitStruct.Mode = GPIO_MODE_AF_PP;
 327              		.loc 1 174 5 view .LVU78
 174:Core/Src/tim.c ****     GPIO_InitStruct.Mode = GPIO_MODE_AF_PP;
 328              		.loc 1 174 25 is_stmt 0 view .LVU79
 329 0032 0723     		movs	r3, #7
 330 0034 0293     		str	r3, [sp, #8]
 175:Core/Src/tim.c ****     GPIO_InitStruct.Speed = GPIO_SPEED_FREQ_LOW;
 331              		.loc 1 175 5 is_stmt 1 view .LVU80
 175:Core/Src/tim.c ****     GPIO_InitStruct.Speed = GPIO_SPEED_FREQ_LOW;
 332              		.loc 1 175 26 is_stmt 0 view .LVU81
 333 0036 0223     		movs	r3, #2
 334 0038 0393     		str	r3, [sp, #12]
 176:Core/Src/tim.c ****     HAL_GPIO_Init(GPIOA, &GPIO_InitStruct);
 335              		.loc 1 176 5 is_stmt 1 view .LVU82
 176:Core/Src/tim.c ****     HAL_GPIO_Init(GPIOA, &GPIO_InitStruct);
 336              		.loc 1 176 27 is_stmt 0 view .LVU83
 337 003a 0593     		str	r3, [sp, #20]
 177:Core/Src/tim.c **** 
 338              		.loc 1 177 5 is_stmt 1 view .LVU84
 339 003c 02A9     		add	r1, sp, #8
 340 003e 0248     		ldr	r0, .L31
 341              	.LVL14:
 177:Core/Src/tim.c **** 
 342              		.loc 1 177 5 is_stmt 0 view .LVU85
 343 0040 FFF7FEFF 		bl	HAL_GPIO_Init
 344              	.LVL15:
 345              		.loc 1 184 1 view .LVU86
 346 0044 E7E7     		b	.L27
 347              	.L32:
 348 0046 00BF     		.align	2
 349              	.L31:
 350 0048 00080140 		.word	1073809408
 351              		.cfi_endproc
 352              	.LFE69:
 354              		.section	.text.MX_TIM2_Init,"ax",%progbits
 355              		.align	1
 356              		.global	MX_TIM2_Init
 357              		.syntax unified
 358              		.thumb
 359              		.thumb_func
 361              	MX_TIM2_Init:
 362              	.LFB65:
  32:Core/Src/tim.c **** 
 363              		.loc 1 32 1 is_stmt 1 view -0
 364              		.cfi_startproc
 365              		@ args = 0, pretend = 0, frame = 40
 366              		@ frame_needed = 0, uses_anonymous_args = 0
 367 0000 00B5     		push	{lr}
 368              	.LCFI13:
 369              		.cfi_def_cfa_offset 4
 370              		.cfi_offset 14, -4
 371 0002 8BB0     		sub	sp, sp, #44
 372              	.LCFI14:
 373              		.cfi_def_cfa_offset 48
  38:Core/Src/tim.c ****   TIM_OC_InitTypeDef sConfigOC = {0};
 374              		.loc 1 38 3 view .LVU88
ARM GAS  C:\Users\86390\AppData\Local\Temp\ccKxFZwO.s 			page 11


  38:Core/Src/tim.c ****   TIM_OC_InitTypeDef sConfigOC = {0};
 375              		.loc 1 38 27 is_stmt 0 view .LVU89
 376 0004 0023     		movs	r3, #0
 377 0006 0893     		str	r3, [sp, #32]
 378 0008 0993     		str	r3, [sp, #36]
  39:Core/Src/tim.c **** 
 379              		.loc 1 39 3 is_stmt 1 view .LVU90
  39:Core/Src/tim.c **** 
 380              		.loc 1 39 22 is_stmt 0 view .LVU91
 381 000a 0193     		str	r3, [sp, #4]
 382 000c 0293     		str	r3, [sp, #8]
 383 000e 0393     		str	r3, [sp, #12]
 384 0010 0493     		str	r3, [sp, #16]
 385 0012 0593     		str	r3, [sp, #20]
 386 0014 0693     		str	r3, [sp, #24]
 387 0016 0793     		str	r3, [sp, #28]
  44:Core/Src/tim.c ****   htim2.Init.Prescaler = 2-1;
 388              		.loc 1 44 3 is_stmt 1 view .LVU92
  44:Core/Src/tim.c ****   htim2.Init.Prescaler = 2-1;
 389              		.loc 1 44 18 is_stmt 0 view .LVU93
 390 0018 2248     		ldr	r0, .L45
 391 001a 4FF08042 		mov	r2, #1073741824
 392 001e 0260     		str	r2, [r0]
  45:Core/Src/tim.c ****   htim2.Init.CounterMode = TIM_COUNTERMODE_CENTERALIGNED1;
 393              		.loc 1 45 3 is_stmt 1 view .LVU94
  45:Core/Src/tim.c ****   htim2.Init.CounterMode = TIM_COUNTERMODE_CENTERALIGNED1;
 394              		.loc 1 45 24 is_stmt 0 view .LVU95
 395 0020 0122     		movs	r2, #1
 396 0022 4260     		str	r2, [r0, #4]
  46:Core/Src/tim.c ****   htim2.Init.Period = 1500-1;
 397              		.loc 1 46 3 is_stmt 1 view .LVU96
  46:Core/Src/tim.c ****   htim2.Init.Period = 1500-1;
 398              		.loc 1 46 26 is_stmt 0 view .LVU97
 399 0024 2022     		movs	r2, #32
 400 0026 8260     		str	r2, [r0, #8]
  47:Core/Src/tim.c ****   htim2.Init.ClockDivision = TIM_CLOCKDIVISION_DIV1;
 401              		.loc 1 47 3 is_stmt 1 view .LVU98
  47:Core/Src/tim.c ****   htim2.Init.ClockDivision = TIM_CLOCKDIVISION_DIV1;
 402              		.loc 1 47 21 is_stmt 0 view .LVU99
 403 0028 40F2DB52 		movw	r2, #1499
 404 002c C260     		str	r2, [r0, #12]
  48:Core/Src/tim.c ****   htim2.Init.AutoReloadPreload = TIM_AUTORELOAD_PRELOAD_DISABLE;
 405              		.loc 1 48 3 is_stmt 1 view .LVU100
  48:Core/Src/tim.c ****   htim2.Init.AutoReloadPreload = TIM_AUTORELOAD_PRELOAD_DISABLE;
 406              		.loc 1 48 28 is_stmt 0 view .LVU101
 407 002e 0361     		str	r3, [r0, #16]
  49:Core/Src/tim.c ****   if (HAL_TIM_PWM_Init(&htim2) != HAL_OK)
 408              		.loc 1 49 3 is_stmt 1 view .LVU102
  49:Core/Src/tim.c ****   if (HAL_TIM_PWM_Init(&htim2) != HAL_OK)
 409              		.loc 1 49 32 is_stmt 0 view .LVU103
 410 0030 8361     		str	r3, [r0, #24]
  50:Core/Src/tim.c ****   {
 411              		.loc 1 50 3 is_stmt 1 view .LVU104
  50:Core/Src/tim.c ****   {
 412              		.loc 1 50 7 is_stmt 0 view .LVU105
 413 0032 FFF7FEFF 		bl	HAL_TIM_PWM_Init
 414              	.LVL16:
ARM GAS  C:\Users\86390\AppData\Local\Temp\ccKxFZwO.s 			page 12


  50:Core/Src/tim.c ****   {
 415              		.loc 1 50 6 view .LVU106
 416 0036 28BB     		cbnz	r0, .L40
 417              	.L34:
  54:Core/Src/tim.c ****   sMasterConfig.MasterSlaveMode = TIM_MASTERSLAVEMODE_DISABLE;
 418              		.loc 1 54 3 is_stmt 1 view .LVU107
  54:Core/Src/tim.c ****   sMasterConfig.MasterSlaveMode = TIM_MASTERSLAVEMODE_DISABLE;
 419              		.loc 1 54 37 is_stmt 0 view .LVU108
 420 0038 0023     		movs	r3, #0
 421 003a 0893     		str	r3, [sp, #32]
  55:Core/Src/tim.c ****   if (HAL_TIMEx_MasterConfigSynchronization(&htim2, &sMasterConfig) != HAL_OK)
 422              		.loc 1 55 3 is_stmt 1 view .LVU109
  55:Core/Src/tim.c ****   if (HAL_TIMEx_MasterConfigSynchronization(&htim2, &sMasterConfig) != HAL_OK)
 423              		.loc 1 55 33 is_stmt 0 view .LVU110
 424 003c 0993     		str	r3, [sp, #36]
  56:Core/Src/tim.c ****   {
 425              		.loc 1 56 3 is_stmt 1 view .LVU111
  56:Core/Src/tim.c ****   {
 426              		.loc 1 56 7 is_stmt 0 view .LVU112
 427 003e 08A9     		add	r1, sp, #32
 428 0040 1848     		ldr	r0, .L45
 429 0042 FFF7FEFF 		bl	HAL_TIMEx_MasterConfigSynchronization
 430              	.LVL17:
  56:Core/Src/tim.c ****   {
 431              		.loc 1 56 6 view .LVU113
 432 0046 00BB     		cbnz	r0, .L41
 433              	.L35:
  60:Core/Src/tim.c ****   sConfigOC.Pulse = 0;
 434              		.loc 1 60 3 is_stmt 1 view .LVU114
  60:Core/Src/tim.c ****   sConfigOC.Pulse = 0;
 435              		.loc 1 60 20 is_stmt 0 view .LVU115
 436 0048 7023     		movs	r3, #112
 437 004a 0193     		str	r3, [sp, #4]
  61:Core/Src/tim.c ****   sConfigOC.OCPolarity = TIM_OCPOLARITY_HIGH;
 438              		.loc 1 61 3 is_stmt 1 view .LVU116
  61:Core/Src/tim.c ****   sConfigOC.OCPolarity = TIM_OCPOLARITY_HIGH;
 439              		.loc 1 61 19 is_stmt 0 view .LVU117
 440 004c 0022     		movs	r2, #0
 441 004e 0292     		str	r2, [sp, #8]
  62:Core/Src/tim.c ****   sConfigOC.OCFastMode = TIM_OCFAST_DISABLE;
 442              		.loc 1 62 3 is_stmt 1 view .LVU118
  62:Core/Src/tim.c ****   sConfigOC.OCFastMode = TIM_OCFAST_DISABLE;
 443              		.loc 1 62 24 is_stmt 0 view .LVU119
 444 0050 0392     		str	r2, [sp, #12]
  63:Core/Src/tim.c ****   if (HAL_TIM_PWM_ConfigChannel(&htim2, &sConfigOC, TIM_CHANNEL_1) != HAL_OK)
 445              		.loc 1 63 3 is_stmt 1 view .LVU120
  63:Core/Src/tim.c ****   if (HAL_TIM_PWM_ConfigChannel(&htim2, &sConfigOC, TIM_CHANNEL_1) != HAL_OK)
 446              		.loc 1 63 24 is_stmt 0 view .LVU121
 447 0052 0592     		str	r2, [sp, #20]
  64:Core/Src/tim.c ****   {
 448              		.loc 1 64 3 is_stmt 1 view .LVU122
  64:Core/Src/tim.c ****   {
 449              		.loc 1 64 7 is_stmt 0 view .LVU123
 450 0054 01A9     		add	r1, sp, #4
 451 0056 1348     		ldr	r0, .L45
 452 0058 FFF7FEFF 		bl	HAL_TIM_PWM_ConfigChannel
 453              	.LVL18:
ARM GAS  C:\Users\86390\AppData\Local\Temp\ccKxFZwO.s 			page 13


  64:Core/Src/tim.c ****   {
 454              		.loc 1 64 6 view .LVU124
 455 005c C0B9     		cbnz	r0, .L42
 456              	.L36:
  68:Core/Src/tim.c ****   {
 457              		.loc 1 68 3 is_stmt 1 view .LVU125
  68:Core/Src/tim.c ****   {
 458              		.loc 1 68 7 is_stmt 0 view .LVU126
 459 005e 0422     		movs	r2, #4
 460 0060 0DEB0201 		add	r1, sp, r2
 461 0064 0F48     		ldr	r0, .L45
 462 0066 FFF7FEFF 		bl	HAL_TIM_PWM_ConfigChannel
 463              	.LVL19:
  68:Core/Src/tim.c ****   {
 464              		.loc 1 68 6 view .LVU127
 465 006a A0B9     		cbnz	r0, .L43
 466              	.L37:
  72:Core/Src/tim.c ****   {
 467              		.loc 1 72 3 is_stmt 1 view .LVU128
  72:Core/Src/tim.c ****   {
 468              		.loc 1 72 7 is_stmt 0 view .LVU129
 469 006c 0822     		movs	r2, #8
 470 006e 01A9     		add	r1, sp, #4
 471 0070 0C48     		ldr	r0, .L45
 472 0072 FFF7FEFF 		bl	HAL_TIM_PWM_ConfigChannel
 473              	.LVL20:
  72:Core/Src/tim.c ****   {
 474              		.loc 1 72 6 view .LVU130
 475 0076 88B9     		cbnz	r0, .L44
 476              	.L38:
  79:Core/Src/tim.c **** 
 477              		.loc 1 79 3 is_stmt 1 view .LVU131
 478 0078 0A48     		ldr	r0, .L45
 479 007a FFF7FEFF 		bl	HAL_TIM_MspPostInit
 480              	.LVL21:
  81:Core/Src/tim.c **** /* TIM3 init function */
 481              		.loc 1 81 1 is_stmt 0 view .LVU132
 482 007e 0BB0     		add	sp, sp, #44
 483              	.LCFI15:
 484              		.cfi_remember_state
 485              		.cfi_def_cfa_offset 4
 486              		@ sp needed
 487 0080 5DF804FB 		ldr	pc, [sp], #4
 488              	.L40:
 489              	.LCFI16:
 490              		.cfi_restore_state
  52:Core/Src/tim.c ****   }
 491              		.loc 1 52 5 is_stmt 1 view .LVU133
 492 0084 FFF7FEFF 		bl	Error_Handler
 493              	.LVL22:
 494 0088 D6E7     		b	.L34
 495              	.L41:
  58:Core/Src/tim.c ****   }
 496              		.loc 1 58 5 view .LVU134
 497 008a FFF7FEFF 		bl	Error_Handler
 498              	.LVL23:
 499 008e DBE7     		b	.L35
ARM GAS  C:\Users\86390\AppData\Local\Temp\ccKxFZwO.s 			page 14


 500              	.L42:
  66:Core/Src/tim.c ****   }
 501              		.loc 1 66 5 view .LVU135
 502 0090 FFF7FEFF 		bl	Error_Handler
 503              	.LVL24:
 504 0094 E3E7     		b	.L36
 505              	.L43:
  70:Core/Src/tim.c ****   }
 506              		.loc 1 70 5 view .LVU136
 507 0096 FFF7FEFF 		bl	Error_Handler
 508              	.LVL25:
 509 009a E7E7     		b	.L37
 510              	.L44:
  74:Core/Src/tim.c ****   }
 511              		.loc 1 74 5 view .LVU137
 512 009c FFF7FEFF 		bl	Error_Handler
 513              	.LVL26:
 514 00a0 EAE7     		b	.L38
 515              	.L46:
 516 00a2 00BF     		.align	2
 517              	.L45:
 518 00a4 00000000 		.word	.LANCHOR1
 519              		.cfi_endproc
 520              	.LFE65:
 522              		.section	.text.HAL_TIM_PWM_MspDeInit,"ax",%progbits
 523              		.align	1
 524              		.global	HAL_TIM_PWM_MspDeInit
 525              		.syntax unified
 526              		.thumb
 527              		.thumb_func
 529              	HAL_TIM_PWM_MspDeInit:
 530              	.LVL27:
 531              	.LFB70:
 185:Core/Src/tim.c **** 
 186:Core/Src/tim.c **** void HAL_TIM_PWM_MspDeInit(TIM_HandleTypeDef* tim_pwmHandle)
 187:Core/Src/tim.c **** {
 532              		.loc 1 187 1 view -0
 533              		.cfi_startproc
 534              		@ args = 0, pretend = 0, frame = 0
 535              		@ frame_needed = 0, uses_anonymous_args = 0
 536              		@ link register save eliminated.
 188:Core/Src/tim.c **** 
 189:Core/Src/tim.c ****   if(tim_pwmHandle->Instance==TIM2)
 537              		.loc 1 189 3 view .LVU139
 538              		.loc 1 189 19 is_stmt 0 view .LVU140
 539 0000 0368     		ldr	r3, [r0]
 540              		.loc 1 189 5 view .LVU141
 541 0002 B3F1804F 		cmp	r3, #1073741824
 542 0006 00D0     		beq	.L49
 543              	.L47:
 190:Core/Src/tim.c ****   {
 191:Core/Src/tim.c ****   /* USER CODE BEGIN TIM2_MspDeInit 0 */
 192:Core/Src/tim.c **** 
 193:Core/Src/tim.c ****   /* USER CODE END TIM2_MspDeInit 0 */
 194:Core/Src/tim.c ****     /* Peripheral clock disable */
 195:Core/Src/tim.c ****     __HAL_RCC_TIM2_CLK_DISABLE();
 196:Core/Src/tim.c ****   /* USER CODE BEGIN TIM2_MspDeInit 1 */
ARM GAS  C:\Users\86390\AppData\Local\Temp\ccKxFZwO.s 			page 15


 197:Core/Src/tim.c **** 
 198:Core/Src/tim.c ****   /* USER CODE END TIM2_MspDeInit 1 */
 199:Core/Src/tim.c ****   }
 200:Core/Src/tim.c **** }
 544              		.loc 1 200 1 view .LVU142
 545 0008 7047     		bx	lr
 546              	.L49:
 195:Core/Src/tim.c ****   /* USER CODE BEGIN TIM2_MspDeInit 1 */
 547              		.loc 1 195 5 is_stmt 1 view .LVU143
 548 000a 034A     		ldr	r2, .L50
 549 000c D369     		ldr	r3, [r2, #28]
 550 000e 23F00103 		bic	r3, r3, #1
 551 0012 D361     		str	r3, [r2, #28]
 552              		.loc 1 200 1 is_stmt 0 view .LVU144
 553 0014 F8E7     		b	.L47
 554              	.L51:
 555 0016 00BF     		.align	2
 556              	.L50:
 557 0018 00100240 		.word	1073876992
 558              		.cfi_endproc
 559              	.LFE70:
 561              		.section	.text.HAL_TIM_Base_MspDeInit,"ax",%progbits
 562              		.align	1
 563              		.global	HAL_TIM_Base_MspDeInit
 564              		.syntax unified
 565              		.thumb
 566              		.thumb_func
 568              	HAL_TIM_Base_MspDeInit:
 569              	.LVL28:
 570              	.LFB71:
 201:Core/Src/tim.c **** 
 202:Core/Src/tim.c **** void HAL_TIM_Base_MspDeInit(TIM_HandleTypeDef* tim_baseHandle)
 203:Core/Src/tim.c **** {
 571              		.loc 1 203 1 is_stmt 1 view -0
 572              		.cfi_startproc
 573              		@ args = 0, pretend = 0, frame = 0
 574              		@ frame_needed = 0, uses_anonymous_args = 0
 575              		.loc 1 203 1 is_stmt 0 view .LVU146
 576 0000 08B5     		push	{r3, lr}
 577              	.LCFI17:
 578              		.cfi_def_cfa_offset 8
 579              		.cfi_offset 3, -8
 580              		.cfi_offset 14, -4
 204:Core/Src/tim.c **** 
 205:Core/Src/tim.c ****   if(tim_baseHandle->Instance==TIM3)
 581              		.loc 1 205 3 is_stmt 1 view .LVU147
 582              		.loc 1 205 20 is_stmt 0 view .LVU148
 583 0002 0268     		ldr	r2, [r0]
 584              		.loc 1 205 5 view .LVU149
 585 0004 064B     		ldr	r3, .L56
 586 0006 9A42     		cmp	r2, r3
 587 0008 00D0     		beq	.L55
 588              	.LVL29:
 589              	.L52:
 206:Core/Src/tim.c ****   {
 207:Core/Src/tim.c ****   /* USER CODE BEGIN TIM3_MspDeInit 0 */
 208:Core/Src/tim.c **** 
ARM GAS  C:\Users\86390\AppData\Local\Temp\ccKxFZwO.s 			page 16


 209:Core/Src/tim.c ****   /* USER CODE END TIM3_MspDeInit 0 */
 210:Core/Src/tim.c ****     /* Peripheral clock disable */
 211:Core/Src/tim.c ****     __HAL_RCC_TIM3_CLK_DISABLE();
 212:Core/Src/tim.c **** 
 213:Core/Src/tim.c ****     /* TIM3 interrupt Deinit */
 214:Core/Src/tim.c ****     HAL_NVIC_DisableIRQ(TIM3_IRQn);
 215:Core/Src/tim.c ****   /* USER CODE BEGIN TIM3_MspDeInit 1 */
 216:Core/Src/tim.c **** 
 217:Core/Src/tim.c ****   /* USER CODE END TIM3_MspDeInit 1 */
 218:Core/Src/tim.c ****   }
 219:Core/Src/tim.c **** }
 590              		.loc 1 219 1 view .LVU150
 591 000a 08BD     		pop	{r3, pc}
 592              	.LVL30:
 593              	.L55:
 211:Core/Src/tim.c **** 
 594              		.loc 1 211 5 is_stmt 1 view .LVU151
 595 000c 054A     		ldr	r2, .L56+4
 596 000e D369     		ldr	r3, [r2, #28]
 597 0010 23F00203 		bic	r3, r3, #2
 598 0014 D361     		str	r3, [r2, #28]
 214:Core/Src/tim.c ****   /* USER CODE BEGIN TIM3_MspDeInit 1 */
 599              		.loc 1 214 5 view .LVU152
 600 0016 1D20     		movs	r0, #29
 601              	.LVL31:
 214:Core/Src/tim.c ****   /* USER CODE BEGIN TIM3_MspDeInit 1 */
 602              		.loc 1 214 5 is_stmt 0 view .LVU153
 603 0018 FFF7FEFF 		bl	HAL_NVIC_DisableIRQ
 604              	.LVL32:
 605              		.loc 1 219 1 view .LVU154
 606 001c F5E7     		b	.L52
 607              	.L57:
 608 001e 00BF     		.align	2
 609              	.L56:
 610 0020 00040040 		.word	1073742848
 611 0024 00100240 		.word	1073876992
 612              		.cfi_endproc
 613              	.LFE71:
 615              		.global	htim3
 616              		.global	htim2
 617              		.section	.bss.htim2,"aw",%nobits
 618              		.align	2
 619              		.set	.LANCHOR1,. + 0
 622              	htim2:
 623 0000 00000000 		.space	72
 623      00000000 
 623      00000000 
 623      00000000 
 623      00000000 
 624              		.section	.bss.htim3,"aw",%nobits
 625              		.align	2
 626              		.set	.LANCHOR0,. + 0
 629              	htim3:
 630 0000 00000000 		.space	72
 630      00000000 
 630      00000000 
 630      00000000 
ARM GAS  C:\Users\86390\AppData\Local\Temp\ccKxFZwO.s 			page 17


 630      00000000 
 631              		.text
 632              	.Letext0:
 633              		.file 2 "d:\\stm32_vscode_bag\\gnu\\arm-none-eabi\\include\\machine\\_default_types.h"
 634              		.file 3 "d:\\stm32_vscode_bag\\gnu\\arm-none-eabi\\include\\sys\\_stdint.h"
 635              		.file 4 "Drivers/CMSIS/Device/ST/STM32F1xx/Include/stm32f103xb.h"
 636              		.file 5 "Drivers/STM32F1xx_HAL_Driver/Inc/stm32f1xx_hal_def.h"
 637              		.file 6 "Drivers/STM32F1xx_HAL_Driver/Inc/stm32f1xx_hal_gpio.h"
 638              		.file 7 "Drivers/STM32F1xx_HAL_Driver/Inc/stm32f1xx_hal_dma.h"
 639              		.file 8 "Drivers/STM32F1xx_HAL_Driver/Inc/stm32f1xx_hal_tim.h"
 640              		.file 9 "Core/Inc/tim.h"
 641              		.file 10 "Drivers/STM32F1xx_HAL_Driver/Inc/stm32f1xx_hal_cortex.h"
 642              		.file 11 "Drivers/STM32F1xx_HAL_Driver/Inc/stm32f1xx_hal_tim_ex.h"
 643              		.file 12 "Core/Inc/main.h"
ARM GAS  C:\Users\86390\AppData\Local\Temp\ccKxFZwO.s 			page 18


DEFINED SYMBOLS
                            *ABS*:00000000 tim.c
C:\Users\86390\AppData\Local\Temp\ccKxFZwO.s:18     .text.MX_TIM3_Init:00000000 $t
C:\Users\86390\AppData\Local\Temp\ccKxFZwO.s:24     .text.MX_TIM3_Init:00000000 MX_TIM3_Init
C:\Users\86390\AppData\Local\Temp\ccKxFZwO.s:134    .text.MX_TIM3_Init:00000064 $d
C:\Users\86390\AppData\Local\Temp\ccKxFZwO.s:140    .text.HAL_TIM_PWM_MspInit:00000000 $t
C:\Users\86390\AppData\Local\Temp\ccKxFZwO.s:146    .text.HAL_TIM_PWM_MspInit:00000000 HAL_TIM_PWM_MspInit
C:\Users\86390\AppData\Local\Temp\ccKxFZwO.s:192    .text.HAL_TIM_Base_MspInit:00000000 $t
C:\Users\86390\AppData\Local\Temp\ccKxFZwO.s:198    .text.HAL_TIM_Base_MspInit:00000000 HAL_TIM_Base_MspInit
C:\Users\86390\AppData\Local\Temp\ccKxFZwO.s:259    .text.HAL_TIM_Base_MspInit:0000003c $d
C:\Users\86390\AppData\Local\Temp\ccKxFZwO.s:264    .text.HAL_TIM_MspPostInit:00000000 $t
C:\Users\86390\AppData\Local\Temp\ccKxFZwO.s:270    .text.HAL_TIM_MspPostInit:00000000 HAL_TIM_MspPostInit
C:\Users\86390\AppData\Local\Temp\ccKxFZwO.s:350    .text.HAL_TIM_MspPostInit:00000048 $d
C:\Users\86390\AppData\Local\Temp\ccKxFZwO.s:355    .text.MX_TIM2_Init:00000000 $t
C:\Users\86390\AppData\Local\Temp\ccKxFZwO.s:361    .text.MX_TIM2_Init:00000000 MX_TIM2_Init
C:\Users\86390\AppData\Local\Temp\ccKxFZwO.s:518    .text.MX_TIM2_Init:000000a4 $d
C:\Users\86390\AppData\Local\Temp\ccKxFZwO.s:523    .text.HAL_TIM_PWM_MspDeInit:00000000 $t
C:\Users\86390\AppData\Local\Temp\ccKxFZwO.s:529    .text.HAL_TIM_PWM_MspDeInit:00000000 HAL_TIM_PWM_MspDeInit
C:\Users\86390\AppData\Local\Temp\ccKxFZwO.s:557    .text.HAL_TIM_PWM_MspDeInit:00000018 $d
C:\Users\86390\AppData\Local\Temp\ccKxFZwO.s:562    .text.HAL_TIM_Base_MspDeInit:00000000 $t
C:\Users\86390\AppData\Local\Temp\ccKxFZwO.s:568    .text.HAL_TIM_Base_MspDeInit:00000000 HAL_TIM_Base_MspDeInit
C:\Users\86390\AppData\Local\Temp\ccKxFZwO.s:610    .text.HAL_TIM_Base_MspDeInit:00000020 $d
C:\Users\86390\AppData\Local\Temp\ccKxFZwO.s:629    .bss.htim3:00000000 htim3
C:\Users\86390\AppData\Local\Temp\ccKxFZwO.s:622    .bss.htim2:00000000 htim2
C:\Users\86390\AppData\Local\Temp\ccKxFZwO.s:618    .bss.htim2:00000000 $d
C:\Users\86390\AppData\Local\Temp\ccKxFZwO.s:625    .bss.htim3:00000000 $d

UNDEFINED SYMBOLS
HAL_TIM_Base_Init
HAL_TIM_ConfigClockSource
HAL_TIMEx_MasterConfigSynchronization
Error_Handler
HAL_NVIC_SetPriority
HAL_NVIC_EnableIRQ
HAL_GPIO_Init
HAL_TIM_PWM_Init
HAL_TIM_PWM_ConfigChannel
HAL_NVIC_DisableIRQ
